
[1m[46m RUN [49m[22m [36mv4.0.16 [39m[90m/config/Desktop/gat/portfolio[39m

[90mstdout[2m | src/modules/auth/__tests__/mfa-disable.e2e.test.ts
[22m[39m[dotenv@17.2.3] injecting env (37) from .env.test -- tip: âœ… audit secrets and track compliance: https://dotenvx.com/ops

[90mstdout[2m | src/modules/auth/__tests__/mfa-disable.e2e.test.ts[2m > [22m[2mAuth MFA Disable (E2E)
[22m[39m[dotenv@17.2.3] injecting env (37) from .env.test -- tip: âš™ï¸  write to custom object with { processEnv: myObject }
ğŸ˜ Connecting to real PostgreSQL for tests...
ğŸ”Œ Ensuring vector extension...

[90mstdout[2m | src/modules/auth/__tests__/mfa-disable.e2e.test.ts[2m > [22m[2mAuth MFA Disable (E2E)
[22m[39mâœ… Vector extension ready.
ğŸ“œ Running migrations on PostgreSQL...
Query: CREATE SCHEMA IF NOT EXISTS "drizzle"

[90mstdout[2m | src/modules/auth/__tests__/mfa-disable.e2e.test.ts[2m > [22m[2mAuth MFA Disable (E2E)
[22m[39mQuery: 
			CREATE TABLE IF NOT EXISTS "drizzle"."__drizzle_migrations" (
				id SERIAL PRIMARY KEY,
				hash text NOT NULL,
				created_at bigint
			)
		

[90mstdout[2m | src/modules/auth/__tests__/mfa-disable.e2e.test.ts[2m > [22m[2mAuth MFA Disable (E2E)
[22m[39mQuery: select id, hash, created_at from "drizzle"."__drizzle_migrations" order by created_at desc limit 1

[90mstdout[2m | src/modules/auth/__tests__/mfa-disable.e2e.test.ts[2m > [22m[2mAuth MFA Disable (E2E)
[22m[39mQuery: begin

[90mstdout[2m | src/modules/auth/__tests__/mfa-disable.e2e.test.ts[2m > [22m[2mAuth MFA Disable (E2E)
[22m[39mQuery: commit

[90mstdout[2m | src/modules/auth/__tests__/mfa-disable.e2e.test.ts[2m > [22m[2mAuth MFA Disable (E2E)
[22m[39mâœ… Migrations completed.

[90mstdout[2m | src/modules/auth/__tests__/mfa-disable.e2e.test.ts[2m > [22m[2mAuth MFA Disable (E2E)
[22m[39mQuery: DO $$
        BEGIN
          IF EXISTS (SELECT FROM information_schema.tables WHERE table_name = 'users') THEN
            TRUNCATE users, tenant_setting, tenants RESTART IDENTITY CASCADE;
          END IF;
        END $$;

[90mstdout[2m | src/modules/auth/__tests__/mfa-disable.e2e.test.ts[2m > [22m[2mAuth MFA Disable (E2E)
[22m[39mQuery: SELECT id FROM tenants WHERE slug = 'localhost' LIMIT 1

[90mstdout[2m | src/modules/auth/__tests__/mfa-disable.e2e.test.ts[2m > [22m[2mAuth MFA Disable (E2E)
[22m[39mQuery: 
    INSERT INTO tenants (name, slug, domain, email, plan, is_active, created_at, updated_at)
    VALUES ('Localhost Tenant', 'localhost', 'localhost', 'test@localhost.com', 'ENTERPRISE', true, NOW(), NOW())
    RETURNING id
  

[90mstdout[2m | src/modules/auth/__tests__/mfa-disable.e2e.test.ts[2m > [22m[2mAuth MFA Disable (E2E)
[22m[39mQuery: 
      INSERT INTO tenant_setting (tenant_id, is_verified, color_primary, color_secondary, default_language, time_zone, created_at, updated_at)
      VALUES ($1, true, '#000000', '#ffffff', 'EN', 'UTC', NOW(), NOW())
     -- params: [1]

[90mstdout[2m | src/modules/auth/__tests__/mfa-disable.e2e.test.ts[2m > [22m[2mAuth MFA Disable (E2E)
[22m[39mQuery: 
      INSERT INTO users (username, email, password, role_id, tenant_id, is_superuser, security_stamp, created_at, updated_at)
      VALUES ('admin', 'admin@localhost.com', $1, 1, $2, true, '550e8400-e29b-41d4-a716-446655440000', NOW(), NOW())
     -- params: ["$2b$10$1SuqMFU.qiLoNQ.M7VHsh.mGwoDAAQeW1gMeJylgnw9s4Qn5/blcO", 1]

[90mstdout[2m | src/modules/auth/__tests__/mfa-disable.e2e.test.ts[2m > [22m[2mAuth MFA Disable (E2E)
[22m[39mQuery: 
      INSERT INTO users (username, email, password, role_id, tenant_id, is_superuser, security_stamp, created_at, updated_at)
      VALUES ('user', 'user@localhost.com', $1, 2, $2, false, '550e8400-e29b-41d4-a716-446655440005', NOW(), NOW())
     -- params: ["$2b$10$1SuqMFU.qiLoNQ.M7VHsh.mGwoDAAQeW1gMeJylgnw9s4Qn5/blcO", 1]

[90mstdout[2m | src/modules/auth/__tests__/mfa-disable.e2e.test.ts[2m > [22m[2mAuth MFA Disable (E2E)
[22m[39mQuery: SELECT id FROM tenants WHERE slug = 'localhost' LIMIT 1

[90mstdout[2m | src/modules/auth/__tests__/mfa-disable.e2e.test.ts[2m > [22m[2mAuth MFA Disable (E2E)[2m > [22m[2mshould disable MFA successfully
[22m[39mâ¡ï¸  Proceeding to next middleware/guard for POST /api/v1/auth/login

[90mstdout[2m | src/modules/auth/__tests__/mfa-disable.e2e.test.ts[2m > [22m[2mAuth MFA Disable (E2E)[2m > [22m[2mshould disable MFA successfully
[22m[39mZod Validation Errors: [
  {
    "expected": "boolean",
    "code": "invalid_type",
    "path": [
      "remember_me"
    ],
    "message": "Entrada invÃ¡lida: se esperaba booleano, recibido indefinido"
  }
]

[31m[Nest] 1498134  - [39m01/25/2026, 3:06:46 AM [31m  ERROR[39m [38;5;3m[HttpExceptionFilter] [39mBadRequestException: Validation failed
    at ZodPipe.transform [90m(/config/Desktop/gat/portfolio/[39msrc/infrastructure/pipes/zod.pipe.ts:25:11[90m)[39m
    at [90m/config/Desktop/gat/portfolio/[39mnode_modules/[4m.pnpm[24m/@nestjs+core@11.1.11_@nestjs+common@11.1.10_reflect-metadata@0.2.2_rxjs@7.8.2__@nestjs+_8ca719937ba9644702b0d6fbf7ffeeb4/node_modules/[4m@nestjs/core[24m/pipes/pipes-consumer.js:16:33
[90m    at processTicksAndRejections (node:internal/process/task_queues:103:5)[39m {
  response: {
    message: [32m'Validation failed'[39m,
    errors: [
      {
        expected: [32m'boolean'[39m,
        code: [32m'invalid_type'[39m,
        path: [
          [32m'remember_me'[39m
        ],
        message: [32m'Entrada invÃ¡lida: se esperaba booleano, recibido indefinido'[39m
      }
    ]
  },
  status: [33m400[39m,
  options: {}
}
[90mstderr[2m | src/modules/auth/__tests__/mfa-disable.e2e.test.ts[2m > [22m[2mAuth MFA Disable (E2E)[2m > [22m[2mshould disable MFA successfully
[22m[39mDEBUG DRIZZLE ERROR: {
  "response": {
    "message": "Validation failed",
    "errors": [
      {
        "expected": "boolean",
        "code": "invalid_type",
        "path": [
          "remember_me"
        ],
        "message": "Entrada invÃ¡lida: se esperaba booleano, recibido indefinido"
      }
    ]
  },
  "status": 400,
  "options": {},
  "message": "Validation failed",
  "name": "BadRequestException"
}

[90mstdout[2m | src/modules/auth/__tests__/mfa-disable.e2e.test.ts[2m > [22m[2mAuth MFA Disable (E2E)[2m > [22m[2mshould fail to disable MFA with wrong password
[22m[39mâ¡ï¸  Proceeding to next middleware/guard for POST /api/v1/auth/login

 [31mÃ—[39m src/modules/auth/__tests__/mfa-disable.e2e.test.ts[2m > [22mAuth MFA Disable (E2E)[2m > [22mshould disable MFA successfully[32m 134[2mms[22m[39m
[31m   â†’ expected undefined to be defined[39m
[90mstdout[2m | src/modules/auth/__tests__/mfa-disable.e2e.test.ts[2m > [22m[2mAuth MFA Disable (E2E)[2m > [22m[2mshould fail to disable MFA with wrong password
[22m[39mZod Validation Errors: [
  {
    "expected": "boolean",
    "code": "invalid_type",
    "path": [
      "remember_me"
    ],
    "message": "Entrada invÃ¡lida: se esperaba booleano, recibido indefinido"
  }
]

[31m[Nest] 1498134  - [39m01/25/2026, 3:06:46 AM [31m  ERROR[39m [38;5;3m[HttpExceptionFilter] [39mBadRequestException: Validation failed
    at ZodPipe.transform [90m(/config/Desktop/gat/portfolio/[39msrc/infrastructure/pipes/zod.pipe.ts:25:11[90m)[39m
    at [90m/config/Desktop/gat/portfolio/[39mnode_modules/[4m.pnpm[24m/@nestjs+core@11.1.11_@nestjs+common@11.1.10_reflect-metadata@0.2.2_rxjs@7.8.2__@nestjs+_8ca719937ba9644702b0d6fbf7ffeeb4/node_modules/[4m@nestjs/core[24m/pipes/pipes-consumer.js:16:33
[90m    at processTicksAndRejections (node:internal/process/task_queues:103:5)[39m {
  response: {
    message: [32m'Validation failed'[39m,
    errors: [
      {
        expected: [32m'boolean'[39m,
        code: [32m'invalid_type'[39m,
        path: [
          [32m'remember_me'[39m
        ],
        message: [32m'Entrada invÃ¡lida: se esperaba booleano, recibido indefinido'[39m
      }
    ]
  },
  status: [33m400[39m,
  options: {}
}
[90mstderr[2m | src/modules/auth/__tests__/mfa-disable.e2e.test.ts[2m > [22m[2mAuth MFA Disable (E2E)[2m > [22m[2mshould fail to disable MFA with wrong password
[22m[39mDEBUG DRIZZLE ERROR: {
  "response": {
    "message": "Validation failed",
    "errors": [
      {
        "expected": "boolean",
        "code": "invalid_type",
        "path": [
          "remember_me"
        ],
        "message": "Entrada invÃ¡lida: se esperaba booleano, recibido indefinido"
      }
    ]
  },
  "status": 400,
  "options": {},
  "message": "Validation failed",
  "name": "BadRequestException"
}

[90mstdout[2m | src/modules/auth/__tests__/mfa-disable.e2e.test.ts[2m > [22m[2mAuth MFA Disable (E2E)[2m > [22m[2mshould fail to disable MFA with wrong password
[22m[39mâ¡ï¸  Proceeding to next middleware/guard for POST /api/v1/auth/mfa/disable

[31m[Nest] 1498134  - [39m01/25/2026, 3:06:46 AM [31m  ERROR[39m [38;5;3m[HttpExceptionFilter] [39mUnauthorizedException: Unauthorized
    at HybridAuthGuard.handleCustomResponse [90m(/config/Desktop/gat/portfolio/[39msrc/modules/auth/guards/hybrid.guard.ts:85:10[90m)[39m
    at HybridAuthGuard.canActivate [90m(/config/Desktop/gat/portfolio/[39msrc/modules/auth/guards/hybrid.guard.ts:54:16[90m)[39m
[90m    at processTicksAndRejections (node:internal/process/task_queues:103:5)[39m
    at GuardsConsumer.tryActivate [90m(/config/Desktop/gat/portfolio/[39mnode_modules/[4m.pnpm[24m/@nestjs+core@11.1.11_@nestjs+common@11.1.10_reflect-metadata@0.2.2_rxjs@7.8.2__@nestjs+_8ca719937ba9644702b0d6fbf7ffeeb4/node_modules/[4m@nestjs/core[24m/guards/guards-consumer.js:22:17[90m)[39m
    at canActivateFn [90m(/config/Desktop/gat/portfolio/[39mnode_modules/[4m.pnpm[24m/@nestjs+core@11.1.11_@nestjs+common@11.1.10_reflect-metadata@0.2.2_rxjs@7.8.2__@nestjs+_8ca719937ba9644702b0d6fbf7ffeeb4/node_modules/[4m@nestjs/core[24m/router/router-execution-context.js:135:33[90m)[39m
    at [90m/config/Desktop/gat/portfolio/[39mnode_modules/[4m.pnpm[24m/@nestjs+core@11.1.11_@nestjs+common@11.1.10_reflect-metadata@0.2.2_rxjs@7.8.2__@nestjs+_8ca719937ba9644702b0d6fbf7ffeeb4/node_modules/[4m@nestjs/core[24m/router/router-execution-context.js:42:31
    at [90m/config/Desktop/gat/portfolio/[39mnode_modules/[4m.pnpm[24m/@nestjs+core@11.1.11_@nestjs+common@11.1.10_reflect-metadata@0.2.2_rxjs@7.8.2__@nestjs+_8ca719937ba9644702b0d6fbf7ffeeb4/node_modules/[4m@nestjs/core[24m/router/router-proxy.js:9:17 {
  response: {
    success: [33mfalse[39m,
    message: [32m'Unauthorized'[39m
  },
  status: [33m401[39m,
  options: {}
}
[90mstderr[2m | src/modules/auth/__tests__/mfa-disable.e2e.test.ts[2m > [22m[2mAuth MFA Disable (E2E)[2m > [22m[2mshould fail to disable MFA with wrong password
[22m[39mDEBUG DRIZZLE ERROR: {
  "response": {
    "success": false,
    "message": "Unauthorized"
  },
  "status": 401,
  "options": {},
  "message": "Unauthorized",
  "name": "UnauthorizedException"
}

 [31mÃ—[39m src/modules/auth/__tests__/mfa-disable.e2e.test.ts[2m > [22mAuth MFA Disable (E2E)[2m > [22mshould fail to disable MFA with wrong password[32m 113[2mms[22m[39m
[31m   â†’ expected 400 "Bad Request", got 401 "Unauthorized"[39m

[31mâ¯â¯â¯â¯â¯â¯â¯[39m[1m[41m Failed Tests 2 [49m[22m[31mâ¯â¯â¯â¯â¯â¯â¯[39m

[41m[1m FAIL [22m[49m src/modules/auth/__tests__/mfa-disable.e2e.test.ts[2m > [22mAuth MFA Disable (E2E)[2m > [22mshould disable MFA successfully
[31m[1mAssertionError[22m: expected undefined to be defined[39m
[36m [2mâ¯[22m src/modules/auth/__tests__/mfa-disable.e2e.test.ts:[2m72:23[22m[39m
    [90m 70| [39m
    [90m 71| [39m  [35mconst[39m accessToken [33m=[39m loginRes[33m.[39mbody[33m.[39maccess_token[33m;[39m
    [90m 72| [39m  [34mexpect[39m(accessToken)[33m.[39m[34mtoBeDefined[39m()[33m;[39m
    [90m   | [39m                      [31m^[39m
    [90m 73| [39m
    [90m 74| [39m  [90m// 2. Setup MFA[39m

[31m[2mâ¯â¯â¯â¯â¯â¯â¯â¯â¯â¯â¯â¯â¯â¯â¯â¯â¯â¯â¯â¯â¯â¯â¯â¯[1/2]â¯[22m[39m

[41m[1m FAIL [22m[49m src/modules/auth/__tests__/mfa-disable.e2e.test.ts[2m > [22mAuth MFA Disable (E2E)[2m > [22mshould fail to disable MFA with wrong password
[31m[1mError[22m: expected 400 "Bad Request", got 401 "Unauthorized"[39m
[36m [2mâ¯[22m src/modules/auth/__tests__/mfa-disable.e2e.test.ts:[2m163:5[22m[39m
    [90m161| [39m    token[33m:[39m [32m"000000"[39m[33m,[39m
    [90m162| [39m   })
    [90m163| [39m   [33m.[39m[34mexpect[39m([34m400[39m)[33m;[39m
    [90m   | [39m    [31m^[39m
    [90m164| [39m })[33m;[39m
    [90m165| [39m})[33m;[39m
[90m [2mâ¯[22m Test._assertStatus node_modules/.pnpm/supertest@7.1.4/node_modules/supertest/lib/test.js:[2m309:14[22m[39m
[90m [2mâ¯[22m node_modules/.pnpm/supertest@7.1.4/node_modules/supertest/lib/test.js:[2m365:13[22m[39m
[90m [2mâ¯[22m Test._assertFunction node_modules/.pnpm/supertest@7.1.4/node_modules/supertest/lib/test.js:[2m342:13[22m[39m
[90m [2mâ¯[22m Test.assert node_modules/.pnpm/supertest@7.1.4/node_modules/supertest/lib/test.js:[2m195:23[22m[39m
[90m [2mâ¯[22m localAssert node_modules/.pnpm/supertest@7.1.4/node_modules/supertest/lib/test.js:[2m138:14[22m[39m
[90m [2mâ¯[22m Server.<anonymous> node_modules/.pnpm/supertest@7.1.4/node_modules/supertest/lib/test.js:[2m152:11[22m[39m

[31m[2mâ¯â¯â¯â¯â¯â¯â¯â¯â¯â¯â¯â¯â¯â¯â¯â¯â¯â¯â¯â¯â¯â¯â¯â¯[2/2]â¯[22m[39m


[2m Test Files [22m [1m[31m1 failed[39m[22m[90m (1)[39m
[2m      Tests [22m [1m[31m2 failed[39m[22m[90m (2)[39m
[2m   Start at [22m 03:06:43
[2m   Duration [22m 3.57s[2m (transform 1.22s, setup 32ms, import 2.79s, tests 472ms, environment 0ms)[22m

